
---------------------------------------------------------------------

Model checking: P>=0.8 [ true U "a" ]

Prob0: 4 iterations in 0.00 seconds (average 0.000000, setup 0.00)

Prob1: 1 iterations in 0.00 seconds (average 0.000000, setup 0.00)

yes = 7, no = 0, maybe = 0

Property satisfied in 1 of 1 initial states.

Time for model checking: 0.016 seconds.

Result: true

---------------------------------------------------------------------

Model checking: P=? [ true U "a" ]

Prob0: 4 iterations in 0.00 seconds (average 0.000000, setup 0.00)

Prob1: 1 iterations in 0.00 seconds (average 0.000000, setup 0.00)

yes = 7, no = 0, maybe = 0

Value in the initial state: 1.0

Time for model checking: 0.0 seconds.

Result: 1.0 (exact floating point)

---------------------------------------------------------------------

Model checking: P<=0.55 [ ("b") U<=10 ("a") ]

Prob0: 4 iterations in 0.00 seconds (average 0.000000, setup 0.00)

yes = 2, no = 1, maybe = 4

Computing probabilities...
Engine: Hybrid

Building hybrid MTBDD matrix... [levels=3, nodes=29] [1.4 KB]
Adding explicit sparse matrices... [levels=3, num=1, compact] [0.1 KB]
Creating vector for yes... [dist=2, compact] [0.0 KB]
Allocating iteration vectors... [2 x 0.1 KB]
TOTAL: [1.6 KB]

Starting iterations...

Iterative method: 10 iterations in 0.00 seconds (average 0.000000, setup 0.00)

Property satisfied in 1 of 1 initial states.

Time for model checking: 0.0 seconds.

Result: true

---------------------------------------------------------------------

Model checking: P=? [ ("b") U<=10 ("a") ]

Prob0: 4 iterations in 0.00 seconds (average 0.000000, setup 0.00)

yes = 2, no = 1, maybe = 4

Computing probabilities...
Engine: Hybrid

Building hybrid MTBDD matrix... [levels=3, nodes=29] [1.4 KB]
Adding explicit sparse matrices... [levels=3, num=1, compact] [0.1 KB]
Creating vector for yes... [dist=2, compact] [0.0 KB]
Allocating iteration vectors... [2 x 0.1 KB]
TOTAL: [1.6 KB]

Starting iterations...

Iterative method: 10 iterations in 0.00 seconds (average 0.000000, setup 0.00)

Value in the initial state: 0.3307799719300919

Time for model checking: 0.343 seconds.

Result: 0.3307799719300919 (exact floating point)

---------------------------------------------------------------------

Model checking: P=? [ X ("a"&!("b")) ]

Value in the initial state: 0.0

Time for model checking: 0.016 seconds.

Result: 0.0 (exact floating point)

Generating random path of length 25 steps...

Generated path: 25 steps

Generating random path of length 25 steps...

Generated path: 25 steps

Generating random path of length 25 steps...

Generated path: 25 steps
